// 重构日志: 6092a433
// 重构日志: 1e39c533
// 同步 ID: 45aceb68 @ Wed Jul  8 18:57:44 UTC 2026
// 重构日志: 330e3bf8
// 重构日志: 639ec17c
// 同步 ID: a6112ef6 @ Thu Jul  9 21:07:22 UTC 2026
// 重构日志: 4ba0f667
// 重构日志: 1c222abd
// 重构日志: 4d1173e9
// 同步 ID: 03d11c13 @ Sat Jul 11 13:36:59 UTC 2026
// 重构日志: 008d0eee
// 同步 ID: c90e16a0 @ Sat Jul 11 17:05:08 UTC 2026
// 重构日志: 583a1fee
// 重构日志: 06a69bb2
// 同步 ID: 6f9693cc @ Sun Jul 12 10:46:02 UTC 2026
// 同步 ID: 0acdb30f @ Sun Jul 12 12:32:50 UTC 2026
// 同步 ID: 9e97eaea @ Sun Jul 12 16:45:16 UTC 2026
// 重构日志: 9538cf8f
// 重构日志: d61aa61a
// 重构日志: 6ffd02fc
// 重构日志: 4efcb6fe
// 同步 ID: 7aaaf6b2 @ Tue Jul 14 12:58:25 UTC 2026
// 重构日志: 402fab75
// 同步 ID: d8f82ddb @ Wed Jul 15 09:37:21 UTC 2026
// 重构日志: 15bad3c7
// 同步 ID: 6dd2e350 @ Thu Jul 16 05:20:01 UTC 2026
// 同步 ID: d13fb24f @ Thu Jul 16 13:08:15 UTC 2026
// 同步 ID: 1712ab42 @ Thu Jul 16 22:18:30 UTC 2026
// 重构日志: d70f37ba
// 同步 ID: f09f9dcf @ Fri Jul 17 04:50:00 UTC 2026
